2024-02-23 12:25:08,543 [INFO] Activator:176 - 


2024-02-23 12:25:08,545 [INFO] Activator:177 - !SESSION log4j initialized
2024-02-23 12:25:11,521 [INFO] LogOutputStream:77 - [STDOUT_REDIRECT] 
2024-02-23 12:25:13,950 [INFO] ApplicationProperties:184 - Using Application install path: C:\ST\STM32CubeIDE_1.14.1\STM32CubeIDE\plugins\com.st.stm32cube.common.mx_6.10.0.202311202037
2024-02-23 12:25:13,967 [INFO] DbMcusXml:78 - Set database path to: C:\ST\STM32CubeIDE_1.14.1\STM32CubeIDE\plugins\com.st.stm32cube.common.mx_6.10.0.202311202037\\db\/mcu/
2024-02-23 12:25:13,967 [INFO] ApiDb:274 - Set plugin database path to: C:\ST\STM32CubeIDE_1.14.1\STM32CubeIDE\plugins\com.st.stm32cube.common.mx_6.10.0.202311202037\\db\/plugins/boardmanager/
2024-02-23 12:25:13,971 [WARN] ApiDb:259 - Overriding images path with different value:  => C:\ST\STM32CubeIDE_1.14.1\STM32CubeIDE\plugins\com.st.stm32cube.common.mx_6.10.0.202311202037\\db\/plugins/mcufinder/images/
2024-02-23 12:25:13,976 [INFO] ApiDb:250 - Set database path to: C:\Users\thitt\.stmcufinder\plugins\mcufinder//mcu/
2024-02-23 12:25:13,977 [INFO] DbMcusAds:125 - Set database path to: C:\Users\thitt\.stmcufinder\plugins\mcufinder//mcu/
2024-02-23 12:25:13,979 [INFO] CrossReferenceDbSqlite:203 - Set database path to: C:\Users\thitt\.stmcufinder\plugins\mcufinder//mcu/cs/
2024-02-23 12:25:14,086 [INFO] RulesReader:64 - Compatibility file has been processed (297 Rules)
2024-02-23 12:25:14,195 [INFO] DbMcusXml:78 - Set database path to: C:\ST\STM32CubeIDE_1.14.1\STM32CubeIDE\plugins\com.st.stm32cube.common.mx_6.10.0.202311202037\\db\/mcu/
2024-02-23 12:25:14,195 [INFO] ApiDb:274 - Set plugin database path to: C:\ST\STM32CubeIDE_1.14.1\STM32CubeIDE\plugins\com.st.stm32cube.common.mx_6.10.0.202311202037\\db\/plugins/boardmanager/
2024-02-23 12:25:14,196 [INFO] ApiDb:261 - Set plugin images path to: C:\ST\STM32CubeIDE_1.14.1\STM32CubeIDE\plugins\com.st.stm32cube.common.mx_6.10.0.202311202037\\db\/plugins/mcufinder/images/
2024-02-23 12:25:14,196 [WARN] DbFile:41 - Overriding database path with different value: C:\Users\thitt\.stmcufinder\plugins\mcufinder/ => C:\Users\thitt\.stmcufinder\plugins\mcufinder
2024-02-23 12:25:14,196 [INFO] ApiDb:250 - Set database path to: C:\Users\thitt\.stmcufinder\plugins\mcufinder//mcu/
2024-02-23 12:25:14,196 [WARN] DbFile:41 - Overriding database path with different value: C:\Users\thitt\.stmcufinder\plugins\mcufinder/ => C:\Users\thitt\.stmcufinder\plugins\mcufinder
2024-02-23 12:25:14,196 [INFO] DbMcusAds:125 - Set database path to: C:\Users\thitt\.stmcufinder\plugins\mcufinder//mcu/
2024-02-23 12:25:14,196 [WARN] DbFile:41 - Overriding database path with different value: C:\Users\thitt\.stmcufinder\plugins\mcufinder/ => C:\Users\thitt\.stmcufinder\plugins\mcufinder
2024-02-23 12:25:14,196 [WARN] DbFile:41 - Overriding database path with different value: C:\Users\thitt\.stmcufinder\plugins\mcufinder/ => C:\Users\thitt\.stmcufinder\plugins\mcufinder
2024-02-23 12:25:14,196 [INFO] CrossReferenceDbSqlite:203 - Set database path to: C:\Users\thitt\.stmcufinder\plugins\mcufinder//mcu/cs/
2024-02-23 12:25:14,268 [INFO] MainPanel:264 - HeapMemory: 268435456
2024-02-23 12:25:14,326 [INFO] DbMcusXml:78 - Set database path to: C:\ST\STM32CubeIDE_1.14.1\STM32CubeIDE\plugins\com.st.stm32cube.common.mx_6.10.0.202311202037\\db\/mcu/
2024-02-23 12:25:14,327 [INFO] ApiDb:274 - Set plugin database path to: C:\ST\STM32CubeIDE_1.14.1\STM32CubeIDE\plugins\com.st.stm32cube.common.mx_6.10.0.202311202037\\db\/plugins/boardmanager/
2024-02-23 12:25:14,327 [INFO] ApiDb:261 - Set plugin images path to: C:\ST\STM32CubeIDE_1.14.1\STM32CubeIDE\plugins\com.st.stm32cube.common.mx_6.10.0.202311202037\\db\/plugins/mcufinder/images/
2024-02-23 12:25:14,327 [WARN] DbFile:41 - Overriding database path with different value: C:\Users\thitt\.stmcufinder\plugins\mcufinder/ => C:\Users\thitt\.stmcufinder\plugins\mcufinder
2024-02-23 12:25:14,327 [INFO] ApiDb:250 - Set database path to: C:\Users\thitt\.stmcufinder\plugins\mcufinder//mcu/
2024-02-23 12:25:14,327 [WARN] DbFile:41 - Overriding database path with different value: C:\Users\thitt\.stmcufinder\plugins\mcufinder/ => C:\Users\thitt\.stmcufinder\plugins\mcufinder
2024-02-23 12:25:14,327 [INFO] DbMcusAds:125 - Set database path to: C:\Users\thitt\.stmcufinder\plugins\mcufinder//mcu/
2024-02-23 12:25:14,328 [WARN] DbFile:41 - Overriding database path with different value: C:\Users\thitt\.stmcufinder\plugins\mcufinder/ => C:\Users\thitt\.stmcufinder\plugins\mcufinder
2024-02-23 12:25:14,328 [WARN] DbFile:41 - Overriding database path with different value: C:\Users\thitt\.stmcufinder\plugins\mcufinder/ => C:\Users\thitt\.stmcufinder\plugins\mcufinder
2024-02-23 12:25:14,328 [INFO] CrossReferenceDbSqlite:203 - Set database path to: C:\Users\thitt\.stmcufinder\plugins\mcufinder//mcu/cs/
2024-02-23 12:25:14,343 [INFO] ApplicationProperties:184 - Using Application install path: C:\ST\STM32CubeIDE_1.14.1\STM32CubeIDE\plugins\com.st.stm32cube.common.mx_6.10.0.202311202037
2024-02-23 12:25:14,344 [INFO] PluginManage:196 - Search for loadable plugins [exclusion list=, ]
2024-02-23 12:25:14,345 [INFO] PluginManage:310 - Check plugin analytics
2024-02-23 12:25:14,533 [INFO] AnalyticsPlugin:253 - Accepted Software Licenses: 
2024-02-23 12:25:14,535 [INFO] AnalyticsPlugin:255 - Accepted CMSIS Pack Licenses: 
2024-02-23 12:25:14,535 [INFO] AnalyticsPlugin:257 - Accepted Firmware Licenses: 
2024-02-23 12:25:14,538 [INFO] PluginManage:359 - Loaded plugin analytics (category:tool,tabindex:-1)
2024-02-23 12:25:14,538 [INFO] PluginManage:310 - Check plugin cadmodel
2024-02-23 12:25:14,543 [INFO] CADModel:105 - Init CAD model plugin
2024-02-23 12:25:14,543 [INFO] PluginManage:359 - Loaded plugin cadmodel (category:power,tabindex:5)
2024-02-23 12:25:14,543 [INFO] PluginManage:310 - Check plugin clock
2024-02-23 12:25:14,551 [INFO] PluginManage:359 - Loaded plugin clock (category:base,tabindex:2)
2024-02-23 12:25:14,551 [INFO] PluginManage:310 - Check plugin ddr
2024-02-23 12:25:14,553 [INFO] PluginManage:359 - Loaded plugin ddr (category:tool,tabindex:6)
2024-02-23 12:25:14,553 [INFO] PluginManage:310 - Check plugin filemanager
2024-02-23 12:25:14,714 [INFO] PluginManage:359 - Loaded plugin filemanager (category:base,tabindex:10)
2024-02-23 12:25:14,714 [INFO] PluginManage:310 - Check plugin ipmanager
2024-02-23 12:25:14,721 [INFO] PluginManage:359 - Loaded plugin ipmanager (category:base,tabindex:5)
2024-02-23 12:25:14,721 [INFO] PluginManage:310 - Check plugin lpbam
2024-02-23 12:25:14,730 [INFO] PluginManage:359 - Loaded plugin lpbam (category:base,tabindex:0)
2024-02-23 12:25:14,730 [INFO] PluginManage:310 - Check plugin memorymap
2024-02-23 12:25:14,742 [INFO] PluginManage:359 - Loaded plugin memorymap (category:base,tabindex:4)
2024-02-23 12:25:14,742 [INFO] PluginManage:310 - Check plugin pinoutandconfiguration
2024-02-23 12:25:14,761 [INFO] PluginManage:359 - Loaded plugin pinoutandconfiguration (category:base,tabindex:1)
2024-02-23 12:25:14,761 [INFO] PluginManage:310 - Check plugin pinoutconfig
2024-02-23 12:25:14,855 [WARN] SupportedApi:132 - Cannot load RTOS API schema: s4s-elt-must-match.1: The content of 'definitions' must match (annotation?, (simpleType | complexType)?, (unique | key | keyref)*)). A problem was found starting at: attribute.
2024-02-23 12:25:14,966 [INFO] PluginManage:359 - Loaded plugin pinoutconfig (category:base,tabindex:0)
2024-02-23 12:25:14,966 [INFO] PluginManage:310 - Check plugin power
2024-02-23 12:25:14,973 [INFO] PluginManage:359 - Loaded plugin power (category:power,tabindex:4)
2024-02-23 12:25:14,973 [INFO] PluginManage:310 - Check plugin projectmanager
2024-02-23 12:25:14,989 [INFO] PluginManage:359 - Loaded plugin projectmanager (category:projectmanager,tabindex:3)
2024-02-23 12:25:14,990 [INFO] PluginManage:310 - Check plugin thirdparty
2024-02-23 12:25:15,105 [INFO] PluginManage:359 - Loaded plugin thirdparty (category:base,tabindex:-1)
2024-02-23 12:25:15,105 [INFO] PluginManage:310 - Check plugin tools
2024-02-23 12:25:15,105 [WARN] IntegrityCheckThread:84 - waiting for thirdparty lock release [integrity check]
2024-02-23 12:25:15,106 [INFO] IntegrityCheckThread:86 - entering critical section [integrity check]
2024-02-23 12:25:15,107 [INFO] ThirdPartyUpdaterWithRetryManager:70 - Updater plugin not ready yet. [1/15]
2024-02-23 12:25:15,108 [INFO] PluginManage:359 - Loaded plugin tools (category:base,tabindex:7)
2024-02-23 12:25:15,109 [INFO] PluginManage:310 - Check plugin tutovideos
2024-02-23 12:25:15,339 [INFO] PluginManage:359 - Loaded plugin tutovideos (category:base,tabindex:-1)
2024-02-23 12:25:15,339 [INFO] PluginManage:310 - Check plugin updater
2024-02-23 12:25:15,351 [INFO] PluginManage:359 - Loaded plugin updater (category:base,tabindex:12)
2024-02-23 12:25:15,351 [INFO] PluginManage:310 - Check plugin userauth
2024-02-23 12:25:15,355 [INFO] UserAuth:114 - Init User Auth plugin
2024-02-23 12:25:15,355 [INFO] PluginManage:359 - Loaded plugin userauth (category:base,tabindex:14)
2024-02-23 12:25:15,356 [INFO] PluginManage:283 - PluginManage : Loaded plugins [17]
2024-02-23 12:25:15,587 [INFO] PinOutPanel:1499 - setPackage(No Configuration,No Configuration)
2024-02-23 12:25:15,651 [INFO] CADModel:165 - CPN selected for project level
2024-02-23 12:25:15,651 [INFO] CADModel:114 - Register for checkConnection events
2024-02-23 12:25:15,665 [INFO] IPUIPlugin:80 - create IPUIPlugin
2024-02-23 12:25:15,665 [INFO] PluginManager:220 - loadIPPluginJar : add adc
2024-02-23 12:25:15,667 [INFO] IPUIPlugin:80 - create IPUIPlugin
2024-02-23 12:25:15,668 [INFO] PluginManager:220 - loadIPPluginJar : add aes
2024-02-23 12:25:15,669 [INFO] IPUIPlugin:80 - create IPUIPlugin
2024-02-23 12:25:15,670 [INFO] PluginManager:220 - loadIPPluginJar : add can
2024-02-23 12:25:15,671 [INFO] IPUIPlugin:80 - create IPUIPlugin
2024-02-23 12:25:15,671 [INFO] PluginManager:220 - loadIPPluginJar : add comp
2024-02-23 12:25:15,673 [INFO] IPUIPlugin:80 - create IPUIPlugin
2024-02-23 12:25:15,673 [INFO] PluginManager:220 - loadIPPluginJar : add cryp
2024-02-23 12:25:15,676 [INFO] IPUIPlugin:80 - create IPUIPlugin
2024-02-23 12:25:15,676 [INFO] PluginManager:220 - loadIPPluginJar : add dfsdm
2024-02-23 12:25:15,682 [INFO] IPUIPlugin:80 - create IPUIPlugin
2024-02-23 12:25:15,683 [INFO] PluginManager:220 - loadIPPluginJar : add dma
2024-02-23 12:25:15,685 [INFO] IPUIPlugin:80 - create IPUIPlugin
2024-02-23 12:25:15,685 [INFO] PluginManager:220 - loadIPPluginJar : add dma3
2024-02-23 12:25:15,686 [INFO] IPUIPlugin:80 - create IPUIPlugin
2024-02-23 12:25:15,686 [INFO] PluginManager:220 - loadIPPluginJar : add fatfs
2024-02-23 12:25:15,690 [INFO] IPUIPlugin:80 - create IPUIPlugin
2024-02-23 12:25:15,691 [INFO] PluginManager:220 - loadIPPluginJar : add fmc
2024-02-23 12:25:15,695 [INFO] IPUIPlugin:80 - create IPUIPlugin
2024-02-23 12:25:15,695 [INFO] PluginManager:220 - loadIPPluginJar : add freertos
2024-02-23 12:25:15,697 [INFO] IPUIPlugin:80 - create IPUIPlugin
2024-02-23 12:25:15,697 [INFO] PluginManager:220 - loadIPPluginJar : add genericplugin
2024-02-23 12:25:15,698 [INFO] IPUIPlugin:80 - create IPUIPlugin
2024-02-23 12:25:15,699 [INFO] PluginManager:220 - loadIPPluginJar : add gfxmmu
2024-02-23 12:25:15,703 [INFO] IPUIPlugin:80 - create IPUIPlugin
2024-02-23 12:25:15,703 [INFO] PluginManager:220 - loadIPPluginJar : add gic
2024-02-23 12:25:15,706 [INFO] IPUIPlugin:80 - create IPUIPlugin
2024-02-23 12:25:15,707 [INFO] PluginManager:220 - loadIPPluginJar : add gpio
2024-02-23 12:25:15,708 [INFO] IPUIPlugin:80 - create IPUIPlugin
2024-02-23 12:25:15,709 [INFO] PluginManager:220 - loadIPPluginJar : add gtzc
2024-02-23 12:25:15,710 [INFO] IPUIPlugin:80 - create IPUIPlugin
2024-02-23 12:25:15,710 [INFO] PluginManager:220 - loadIPPluginJar : add hash
2024-02-23 12:25:15,712 [INFO] IPUIPlugin:80 - create IPUIPlugin
2024-02-23 12:25:15,712 [INFO] PluginManager:220 - loadIPPluginJar : add i2c
2024-02-23 12:25:15,714 [INFO] IPUIPlugin:80 - create IPUIPlugin
2024-02-23 12:25:15,714 [INFO] PluginManager:220 - loadIPPluginJar : add i2s
2024-02-23 12:25:15,716 [INFO] IPUIPlugin:80 - create IPUIPlugin
2024-02-23 12:25:15,716 [INFO] PluginManager:220 - loadIPPluginJar : add i3c
2024-02-23 12:25:15,718 [INFO] IPUIPlugin:80 - create IPUIPlugin
2024-02-23 12:25:15,718 [INFO] PluginManager:220 - loadIPPluginJar : add ipddr
2024-02-23 12:25:15,725 [INFO] IPUIPlugin:80 - create IPUIPlugin
2024-02-23 12:25:15,726 [INFO] PluginManager:220 - loadIPPluginJar : add linkedlist
2024-02-23 12:25:15,728 [INFO] IPUIPlugin:80 - create IPUIPlugin
2024-02-23 12:25:15,728 [INFO] PluginManager:220 - loadIPPluginJar : add lorawan
2024-02-23 12:25:15,730 [INFO] IPUIPlugin:80 - create IPUIPlugin
2024-02-23 12:25:15,730 [INFO] PluginManager:220 - loadIPPluginJar : add ltdc
2024-02-23 12:25:15,737 [INFO] IPUIPlugin:80 - create IPUIPlugin
2024-02-23 12:25:15,737 [INFO] PluginManager:220 - loadIPPluginJar : add mdma
2024-02-23 12:25:15,741 [INFO] IPUIPlugin:80 - create IPUIPlugin
2024-02-23 12:25:15,741 [INFO] PluginManager:220 - loadIPPluginJar : add nvic
2024-02-23 12:25:15,744 [INFO] IPUIPlugin:80 - create IPUIPlugin
2024-02-23 12:25:15,744 [INFO] PluginManager:220 - loadIPPluginJar : add opamp
2024-02-23 12:25:15,747 [INFO] IPUIPlugin:80 - create IPUIPlugin
2024-02-23 12:25:15,747 [INFO] PluginManager:220 - loadIPPluginJar : add openamp
2024-02-23 12:25:15,750 [INFO] IPUIPlugin:80 - create IPUIPlugin
2024-02-23 12:25:15,750 [INFO] PluginManager:220 - loadIPPluginJar : add pdm2pcm
2024-02-23 12:25:15,757 [INFO] IPUIPlugin:80 - create IPUIPlugin
2024-02-23 12:25:15,759 [INFO] PluginManager:220 - loadIPPluginJar : add plateformsettings
2024-02-23 12:25:15,761 [INFO] IPUIPlugin:80 - create IPUIPlugin
2024-02-23 12:25:15,761 [INFO] PluginManager:220 - loadIPPluginJar : add quadspi
2024-02-23 12:25:15,765 [INFO] IPUIPlugin:80 - create IPUIPlugin
2024-02-23 12:25:15,765 [INFO] PluginManager:220 - loadIPPluginJar : add resmgrutility
2024-02-23 12:25:15,768 [INFO] IPUIPlugin:80 - create IPUIPlugin
2024-02-23 12:25:15,768 [INFO] PluginManager:220 - loadIPPluginJar : add sai
2024-02-23 12:25:15,769 [INFO] IPUIPlugin:80 - create IPUIPlugin
2024-02-23 12:25:15,769 [INFO] PluginManager:220 - loadIPPluginJar : add spi
2024-02-23 12:25:15,772 [INFO] IPUIPlugin:80 - create IPUIPlugin
2024-02-23 12:25:15,772 [INFO] PluginManager:220 - loadIPPluginJar : add stm32_wpan
2024-02-23 12:25:15,780 [INFO] IPUIPlugin:80 - create IPUIPlugin
2024-02-23 12:25:15,780 [INFO] PluginManager:220 - loadIPPluginJar : add tim
2024-02-23 12:25:15,780 [INFO] IPUIPlugin:80 - create IPUIPlugin
2024-02-23 12:25:15,780 [INFO] PluginManager:220 - loadIPPluginJar : add touchsensing
2024-02-23 12:25:15,788 [INFO] IPUIPlugin:80 - create IPUIPlugin
2024-02-23 12:25:15,788 [INFO] PluginManager:220 - loadIPPluginJar : add tracer_emb
2024-02-23 12:25:15,796 [INFO] IPUIPlugin:80 - create IPUIPlugin
2024-02-23 12:25:15,796 [INFO] PluginManager:220 - loadIPPluginJar : add ts
2024-02-23 12:25:15,798 [INFO] IPUIPlugin:80 - create IPUIPlugin
2024-02-23 12:25:15,798 [INFO] PluginManager:220 - loadIPPluginJar : add tsc
2024-02-23 12:25:15,805 [INFO] IPUIPlugin:80 - create IPUIPlugin
2024-02-23 12:25:15,805 [INFO] PluginManager:220 - loadIPPluginJar : add ucpd
2024-02-23 12:25:15,805 [INFO] IPUIPlugin:80 - create IPUIPlugin
2024-02-23 12:25:15,805 [INFO] PluginManager:220 - loadIPPluginJar : add usart
2024-02-23 12:25:15,813 [INFO] IPUIPlugin:80 - create IPUIPlugin
2024-02-23 12:25:15,813 [INFO] PluginManager:220 - loadIPPluginJar : add usbx
2024-02-23 12:25:16,052 [INFO] CADModel:165 - CPN selected for project level
2024-02-23 12:25:16,052 [INFO] CADModel:114 - Register for checkConnection events
2024-02-23 12:25:16,052 [FATAL] Updater:308 - Updater called before beeing initialized
2024-02-23 12:25:16,052 [ERROR] CADModel:125 - Updater not yet initialized, retry later 
2024-02-23 12:25:16,380 [INFO] CADModel:165 - CPN selected for project level
2024-02-23 12:25:16,380 [INFO] CADModel:114 - Register for checkConnection events
2024-02-23 12:25:16,380 [FATAL] Updater:308 - Updater called before beeing initialized
2024-02-23 12:25:16,380 [ERROR] CADModel:125 - Updater not yet initialized, retry later 
2024-02-23 12:25:16,389 [FATAL] Updater:308 - Updater called before beeing initialized
2024-02-23 12:25:16,667 [FATAL] Updater:308 - Updater called before beeing initialized
2024-02-23 12:25:16,683 [INFO] DbMcusAds:53 - JSON generation date=Wed Nov 29 06:52:27 AST 2023 (1701255147349)
2024-02-23 12:25:16,683 [FATAL] Updater:308 - Updater called before beeing initialized
2024-02-23 12:25:16,806 [WARN] DetailPanel:346 - Failed to get advertising image, set to default
2024-02-23 12:25:17,026 [FATAL] Updater:308 - Updater called before beeing initialized
2024-02-23 12:25:17,031 [FATAL] Updater:308 - Updater called before beeing initialized
2024-02-23 12:25:17,031 [FATAL] Updater:308 - Updater called before beeing initialized
2024-02-23 12:25:17,031 [WARN] DetailPanel:346 - Failed to get advertising image, set to default
2024-02-23 12:25:17,034 [FATAL] Updater:308 - Updater called before beeing initialized
2024-02-23 12:25:17,117 [ERROR] Updater:1120 - MainUpdater not yet initialized. External WinMGr cannot be set.
2024-02-23 12:25:17,125 [INFO] Updater:1056 - Updater Version found : 6.10.0
2024-02-23 12:25:17,166 [INFO] ApplicationProperties:184 - Using Application install path: C:\ST\STM32CubeIDE_1.14.1\STM32CubeIDE\plugins\com.st.stm32cube.common.mx_6.10.0.202311202037
2024-02-23 12:25:18,130 [INFO] ThirdPartyUpdaterWithRetryManager:70 - Updater plugin not ready yet. [2/15]
2024-02-23 12:25:18,793 [ERROR] LogOutputStream:75 - [STDERR_REDIRECT] Feb 23, 2024 12:25:18 PM java.util.prefs.WindowsPreferences <init>
2024-02-23 12:25:18,793 [ERROR] LogOutputStream:75 - [STDERR_REDIRECT] WARNING: Could not open/create prefs root node Software\JavaSoft\Prefs at root 0xffffffff80000002. Windows RegCreateKeyEx(...) returned error code 5.
2024-02-23 12:25:18,793 [ERROR] LogOutputStream:75 - [STDERR_REDIRECT] 
2024-02-23 12:25:18,834 [INFO] MainUpdater:526 - Copy updater definitions from MX database
2024-02-23 12:25:19,446 [INFO] MainUpdater:2873 - connection check result : 10
2024-02-23 12:25:19,446 [INFO] MainUpdater:3567 - Updater definition file requires update
2024-02-23 12:25:19,455 [INFO] MainUpdater:290 - Updater Check For Update Now.
2024-02-23 12:25:19,455 [INFO] MicroXplorer:498 - Change Database Version : DB.6.0.100
2024-02-23 12:25:19,471 [INFO] McuFinderGlobals:63 - Set McuFinder mode to 2 (CubeIDE integrated)
2024-02-23 12:25:19,479 [INFO] UserAuth:180 - activating auth plugin
2024-02-23 12:25:19,481 [INFO] UserAuth:404 - Internet connection configuration mode: 1
2024-02-23 12:25:19,511 [INFO] JxBrowserEngine:152 - Initiate JxBrowser Engine with user profile folder
2024-02-23 12:25:19,691 [INFO] ServerAccessManage:473 - Download File updaters.zip
2024-02-23 12:25:19,920 [INFO] FileExtend:240 - Unzip File : updaters.zip
2024-02-23 12:25:19,920 [INFO] FileExtend:255 - Standard Zip Deflate
2024-02-23 12:25:20,685 [INFO] ServerAccessManage:473 - Download File PacksControlFlags.xml
2024-02-23 12:25:20,875 [INFO] ServerAccessManage:473 - Download File cubemx.pidx
2024-02-23 12:25:21,136 [WARN] MainUpdater:1194 - Updater busy. Cannot search thirdparties
2024-02-23 12:25:21,137 [INFO] ThirdPartyUpdaterWithRetryManager:96 - Updater plugin is busy. [1/15]
2024-02-23 12:25:21,185 [INFO] LoadServerUpdatesThread:375 - End of LoadServerUpdate Thread
2024-02-23 12:25:21,399 [INFO] CheckServerUpdateThread:120 - End of CheckServer Thread
2024-02-23 12:25:23,767 [INFO] WebApp:161 - Instantiating new browser for Auth
2024-02-23 12:25:24,332 [WARN] PackLoader:240 - Cannot read IP mode file for STMicroelectronics.X-CUBE-SMBUS.2.1.0
2024-02-23 12:25:24,340 [INFO] WebApp:780 - Register for checkConnection events
2024-02-23 12:25:24,340 [INFO] WebApp:414 - Apply proxy settings
2024-02-23 12:25:24,340 [INFO] WebApp:499 - Chromium requires no authentication
2024-02-23 12:25:24,349 [WARN] PackLoader:240 - Cannot read IP mode file for STMicroelectronics.X-CUBE-TOUCHGFX.4.23.0
2024-02-23 12:25:24,357 [INFO] WebApp:442 - Direct internet connection detected
2024-02-23 12:25:24,390 [WARN] PackLoader:240 - Cannot read IP mode file for STMicroelectronics.X-CUBE-AZRTOS-F7.1.1.0
2024-02-23 12:25:24,406 [WARN] PackLoader:240 - Cannot read IP mode file for STMicroelectronics.FP-SNS-MOTENV1.4.3.2
2024-02-23 12:25:24,417 [WARN] PackLoader:240 - Cannot read IP mode file for STMicroelectronics.FP-SNS-FLIGHT1.5.0.2
2024-02-23 12:25:24,431 [WARN] PackLoader:240 - Cannot read IP mode file for STMicroelectronics.X-CUBE-DISPLAY.3.0.0
2024-02-23 12:25:24,456 [WARN] PackLoader:240 - Cannot read IP mode file for STMicroelectronics.X-CUBE-BLE1.7.0.0
2024-02-23 12:25:24,464 [WARN] PackLoader:240 - Cannot read IP mode file for emotas.I-CUBE-CANOPEN.1.3.0
2024-02-23 12:25:24,472 [WARN] PackLoader:240 - Cannot read IP mode file for STMicroelectronics.FP-SNS-SMARTAG2.1.2.0
2024-02-23 12:25:24,497 [INFO] LogOutputStream:77 - [STDOUT_REDIRECT] 1 : Invalid condition id : UX_CORESTACK_Condition cause : null
2024-02-23 12:25:24,497 [INFO] LogOutputStream:77 - [STDOUT_REDIRECT] 1 : Invalid condition id : UX_CORESTACK_Condition cause : null
2024-02-23 12:25:24,500 [INFO] LogOutputStream:77 - [STDOUT_REDIRECT] 1 : Invalid condition id : UX_CORESTACK_Condition cause : null
2024-02-23 12:25:24,502 [INFO] LogOutputStream:77 - [STDOUT_REDIRECT] 1 : Invalid condition id : UX_CORESTACK_Condition cause : null
2024-02-23 12:25:24,504 [INFO] LogOutputStream:77 - [STDOUT_REDIRECT] 1 : Invalid condition id : UX_CORESTACK_Condition cause : null
2024-02-23 12:25:24,514 [WARN] PackLoader:240 - Cannot read IP mode file for STMicroelectronics.X-CUBE-AZRTOS-WL.2.0.0
2024-02-23 12:25:24,529 [WARN] PackLoader:240 - Cannot read IP mode file for WES.I-CUBE-Cesium.1.3.0
2024-02-23 12:25:24,538 [WARN] PackLoader:240 - Cannot read IP mode file for STMicroelectronics.X-CUBE-BLE2.3.3.0
2024-02-23 12:25:24,546 [WARN] PackLoader:240 - Cannot read IP mode file for STMicroelectronics.X-CUBE-ALGOBUILD.1.3.0
2024-02-23 12:25:24,578 [WARN] PackLoader:240 - Cannot read IP mode file for STMicroelectronics.X-CUBE-AZRTOS-G0.1.1.0
2024-02-23 12:25:24,587 [WARN] PackLoader:240 - Cannot read IP mode file for STMicroelectronics.X-CUBE-NFC4.3.0.0
2024-02-23 12:25:24,611 [WARN] PackLoader:240 - Cannot read IP mode file for STMicroelectronics.X-CUBE-BLEMGR.3.0.0
2024-02-23 12:25:24,619 [WARN] PackLoader:240 - Cannot read IP mode file for STMicroelectronics.FP-ATR-SIGFOX1.3.2.0
2024-02-23 12:25:24,627 [WARN] PackLoader:240 - Cannot read IP mode file for STMicroelectronics.X-CUBE-EEPRMA1.5.1.0
2024-02-23 12:25:24,668 [WARN] PackLoader:240 - Cannot read IP mode file for SEGGER.I-CUBE-embOS.1.3.1
2024-02-23 12:25:24,750 [WARN] PackLoader:240 - Cannot read IP mode file for STMicroelectronics.X-CUBE-GNSS1.6.0.0
2024-02-23 12:25:24,775 [WARN] PackLoader:240 - Cannot read IP mode file for STMicroelectronics.X-CUBE-AZRTOS-F4.1.1.0
2024-02-23 12:25:24,783 [WARN] PackLoader:240 - Cannot read IP mode file for wolfSSL.I-CUBE-wolfSSL.5.6.6
2024-02-23 12:25:24,817 [INFO] WebApp:192 - Starting web application
2024-02-23 12:25:24,818 [INFO] WebApp:544 - Web application path used C:\ST\STM32CubeIDE_1.14.1\STM32CubeIDE\plugins\com.st.stm32cube.common.mx_6.10.0.202311202037\db\plugins\mcufinder\reactClient1\index.html
2024-02-23 12:25:24,839 [WARN] PackLoader:240 - Cannot read IP mode file for STMicroelectronics.X-CUBE-AZRTOS-L5.2.0.0
2024-02-23 12:25:24,847 [WARN] PackLoader:240 - Cannot read IP mode file for ITTIA_DB.I-CUBE-ITTIADB.8.8.0
2024-02-23 12:25:24,855 [WARN] PackLoader:240 - Cannot read IP mode file for STMicroelectronics.X-CUBE-NFC7.1.0.1
2024-02-23 12:25:24,864 [WARN] PackLoader:240 - Cannot read IP mode file for STMicroelectronics.X-CUBE-NFC6.3.0.0
2024-02-23 12:25:24,872 [WARN] PackLoader:240 - Cannot read IP mode file for STMicroelectronics.X-CUBE-AI.8.1.0
2024-02-23 12:25:24,896 [WARN] ConditionMgr:438 - getConditionDescription Invalid condition id : LAN8742 Phy interface Condition cause : null
2024-02-23 12:25:24,896 [WARN] PackLoader:240 - Cannot read IP mode file for STMicroelectronics.X-CUBE-AZRTOS-L4.2.0.0
2024-02-23 12:25:24,896 [WARN] ConditionMgr:1039 - genDependencies : Invalid condition id : LAN8742 Phy interface Condition cause : null
2024-02-23 12:25:24,896 [WARN] ConditionMgr:1039 - genDependencies : Invalid condition id : LAN8742 Phy interface Condition cause : null
2024-02-23 12:25:24,896 [WARN] ConditionMgr:1039 - genDependencies : Invalid condition id : LAN8742 Phy interface Condition cause : null
2024-02-23 12:25:24,904 [WARN] PackLoader:240 - Cannot read IP mode file for STMicroelectronics.X-CUBE-SFXS2LP1.4.0.0
2024-02-23 12:25:24,929 [WARN] ConditionMgr:438 - getConditionDescription Invalid condition id : UX DEVICE CLASS RTOS Condition cause : null
2024-02-23 12:25:24,929 [WARN] ConditionMgr:438 - getConditionDescription Invalid condition id : UX DEVICE CLASS RTOS Condition cause : null
2024-02-23 12:25:24,929 [WARN] PackLoader:240 - Cannot read IP mode file for STMicroelectronics.X-CUBE-AZRTOS-WB.2.0.0
2024-02-23 12:25:24,929 [WARN] ConditionMgr:1039 - genDependencies : Invalid condition id : UX DEVICE CLASS RTOS Condition cause : null
2024-02-23 12:25:24,929 [WARN] ConditionMgr:1039 - genDependencies : Invalid condition id : UX DEVICE CLASS RTOS Condition cause : null
2024-02-23 12:25:24,929 [WARN] ConditionMgr:1039 - genDependencies : Invalid condition id : UX DEVICE CLASS RTOS Condition cause : null
2024-02-23 12:25:24,929 [WARN] ConditionMgr:1039 - genDependencies : Invalid condition id : UX DEVICE CLASS RTOS Condition cause : null
2024-02-23 12:25:24,929 [WARN] ConditionMgr:1039 - genDependencies : Invalid condition id : UX DEVICE CLASS RTOS Condition cause : null
2024-02-23 12:25:24,946 [WARN] PackLoader:240 - Cannot read IP mode file for STMicroelectronics.X-CUBE-SUBG2.5.0.0
2024-02-23 12:25:24,978 [WARN] PackLoader:240 - Cannot read IP mode file for STMicroelectronics.X-CUBE-AZRTOS-G4.2.0.0
2024-02-23 12:25:25,027 [WARN] PackLoader:240 - Cannot read IP mode file for Infineon.AIROC-Wi-Fi-Bluetooth-STM32.1.5.1
2024-02-23 12:25:25,037 [WARN] PackLoader:240 - Cannot read IP mode file for STMicroelectronics.FP-SNS-MOTENVWB1.1.3.1
2024-02-23 12:25:25,044 [WARN] PackLoader:240 - Cannot read IP mode file for STMicroelectronics.X-CUBE-ISPU.2.0.0
2024-02-23 12:25:25,101 [WARN] PackLoader:240 - Cannot read IP mode file for STMicroelectronics.X-CUBE-MEMS1.10.0.0
2024-02-23 12:25:25,297 [WARN] PackLoader:240 - Cannot read IP mode file for STMicroelectronics.X-CUBE-FREERTOS.1.1.0
2024-02-23 12:25:25,330 [WARN] PackLoader:240 - Cannot read IP mode file for portGmbH.I-Cube-SoM-uGOAL.1.1.0
2024-02-23 12:25:25,336 [WARN] PackLoader:240 - Cannot read IP mode file for STMicroelectronics.X-CUBE-ALS.1.0.1
2024-02-23 12:25:25,344 [WARN] PackLoader:240 - Cannot read IP mode file for STMicroelectronics.FP-ATR-ASTRA1.2.0.0
2024-02-23 12:25:25,361 [WARN] PackLoader:240 - Cannot read IP mode file for STMicroelectronics.X-CUBE-TOF1.3.4.0
2024-02-23 12:25:25,402 [WARN] PackLoader:240 - Cannot read IP mode file for STMicroelectronics.X-CUBE-AZRTOS-H7.3.2.0
2024-02-23 12:25:25,402 [INFO] ThirdParty:978 - Integrity check success = true
2024-02-23 12:25:25,402 [INFO] IntegrityCheckThread:100 - exiting critical section [integrity check]
2024-02-23 12:25:25,402 [INFO] IntegrityCheckThread:103 - End integrity checks thread
2024-02-23 12:25:27,258 [INFO] McuFinderGlobals:63 - Set McuFinder mode to 2 (CubeIDE integrated)
2024-02-23 12:25:27,259 [INFO] UserAuth:180 - activating auth plugin
2024-02-23 12:25:27,265 [INFO] UserAuth:404 - Internet connection configuration mode: 1
2024-02-23 12:25:45,988 [ERROR] LogOutputStream:75 - [STDERR_REDIRECT] SLF4J: Failed to load class "org.slf4j.impl.StaticLoggerBinder".
2024-02-23 12:25:45,989 [ERROR] LogOutputStream:75 - [STDERR_REDIRECT] SLF4J: Defaulting to no-operation (NOP) logger implementation
2024-02-23 12:25:45,991 [ERROR] LogOutputStream:75 - [STDERR_REDIRECT] SLF4J: See http://www.slf4j.org/codes.html#StaticLoggerBinder for further details.
2024-02-23 12:28:04,965 [ERROR] LogOutputStream:75 - [STDERR_REDIRECT] 
2024-02-23 12:28:04,966 [ERROR] LogOutputStream:75 - [STDERR_REDIRECT] 
