2023-08-02 15:24:48,006 [INFO] UtilMem:75 - End SaveConfig() Used Memory: 709828488 Bytes (1073741824)
2023-08-02 15:25:50,263 [INFO] UtilMem:75 - End SaveConfig() Used Memory: 568417040 Bytes (1073741824)
2023-08-02 15:25:50,598 [INFO] BlockDiagram:2759 - set Specific Code input for plugin: NVIC
2023-08-02 15:25:50,598 [INFO] BlockDiagram:2759 - set Specific Code input for plugin: USART
2023-08-02 15:25:50,598 [INFO] BlockDiagram:2759 - set Specific Code input for plugin: SYS
2023-08-02 15:25:50,598 [INFO] BlockDiagram:2759 - set Specific Code input for plugin: GPIO
2023-08-02 15:25:50,598 [INFO] BlockDiagram:2759 - set Specific Code input for plugin: RCC
2023-08-02 15:25:50,600 [INFO] CodeGenerator:793 - code generatio: config db path: C:\ST\STM32CubeIDE_1.11.0\STM32CubeIDE\plugins\com.st.stm32cube.common.mx_6.8.1.202304191431\\db\
2023-08-02 15:25:50,766 [INFO] CodeEngine:255 - oldGeneratedFile, C:\Users\thitt\STM32CubeIDE\workspace_1.11.0\ProyectoFinal_Microcontroladores\MXTmpFiles\license.tmp_save
2023-08-02 15:25:50,830 [INFO] CodeEngine:279 - Generated code: C:\Users\thitt\STM32CubeIDE\workspace_1.11.0\ProyectoFinal_Microcontroladores\MXTmpFiles\license.tmp
2023-08-02 15:25:50,864 [INFO] CodeEngine:255 - oldGeneratedFile, C:\Users\thitt\STM32CubeIDE\workspace_1.11.0\ProyectoFinal_Microcontroladores\MXTmpFiles\gpio.tmp_save
2023-08-02 15:25:50,919 [INFO] CodeEngine:279 - Generated code: C:\Users\thitt\STM32CubeIDE\workspace_1.11.0\ProyectoFinal_Microcontroladores\MXTmpFiles\gpio.tmp
2023-08-02 15:25:50,990 [INFO] CodeEngine:255 - oldGeneratedFile, C:\Users\thitt\STM32CubeIDE\workspace_1.11.0\ProyectoFinal_Microcontroladores\Core\Src\stm32f3xx_it.c_save
2023-08-02 15:25:51,139 [INFO] CodeEngine:279 - Generated code: C:\Users\thitt\STM32CubeIDE\workspace_1.11.0\ProyectoFinal_Microcontroladores\Core\Src\stm32f3xx_it.c
2023-08-02 15:25:51,145 [INFO] CodeEngine:255 - oldGeneratedFile, C:\Users\thitt\STM32CubeIDE\workspace_1.11.0\ProyectoFinal_Microcontroladores\Core\Inc\stm32f3xx_it.h_save
2023-08-02 15:25:51,198 [INFO] CodeEngine:279 - Generated code: C:\Users\thitt\STM32CubeIDE\workspace_1.11.0\ProyectoFinal_Microcontroladores\Core\Inc\stm32f3xx_it.h
2023-08-02 15:25:51,211 [INFO] CodeEngine:255 - oldGeneratedFile, C:\Users\thitt\STM32CubeIDE\workspace_1.11.0\ProyectoFinal_Microcontroladores\Core\Src\stm32f3xx_hal_msp.c_save
2023-08-02 15:25:51,287 [INFO] CodeEngine:279 - Generated code: C:\Users\thitt\STM32CubeIDE\workspace_1.11.0\ProyectoFinal_Microcontroladores\Core\Src\stm32f3xx_hal_msp.c
2023-08-02 15:25:51,291 [INFO] CodeEngine:255 - oldGeneratedFile, C:\Users\thitt\STM32CubeIDE\workspace_1.11.0\ProyectoFinal_Microcontroladores\MXTmpFiles\system.tmp_save
2023-08-02 15:25:51,337 [INFO] CodeEngine:279 - Generated code: C:\Users\thitt\STM32CubeIDE\workspace_1.11.0\ProyectoFinal_Microcontroladores\MXTmpFiles\system.tmp
2023-08-02 15:25:51,347 [INFO] CodeEngine:311 - oldGeneratedFile, C:\Users\thitt\STM32CubeIDE\workspace_1.11.0\ProyectoFinal_Microcontroladores\Core\Inc\stm32f3xx_hal_conf.h_save
2023-08-02 15:25:51,399 [INFO] CodeEngine:335 - Generated code: C:\Users\thitt\STM32CubeIDE\workspace_1.11.0\ProyectoFinal_Microcontroladores\Core\Inc\stm32f3xx_hal_conf.h
2023-08-02 15:25:51,420 [INFO] CodeEngine:255 - oldGeneratedFile, C:\Users\thitt\STM32CubeIDE\workspace_1.11.0\ProyectoFinal_Microcontroladores\Core\Inc\main.h_save
2023-08-02 15:25:51,479 [INFO] CodeEngine:279 - Generated code: C:\Users\thitt\STM32CubeIDE\workspace_1.11.0\ProyectoFinal_Microcontroladores\Core\Inc\main.h
2023-08-02 15:25:51,486 [INFO] CodeEngine:255 - oldGeneratedFile, C:\Users\thitt\STM32CubeIDE\workspace_1.11.0\ProyectoFinal_Microcontroladores\Core\Src\main.c_save
2023-08-02 15:25:51,563 [INFO] CodeEngine:279 - Generated code: C:\Users\thitt\STM32CubeIDE\workspace_1.11.0\ProyectoFinal_Microcontroladores\Core\Src\main.c
2023-08-02 15:25:52,176 [INFO] ProjectBuilder:2996 - Time for Copy HAL[1] : 198mS.
2023-08-02 15:25:52,180 [INFO] ProjectBuilder:4304 - Project Generator version: 3.19.2
2023-08-02 15:25:52,405 [INFO] ConfigFileManager:1483 - The Die is : DIE439
2023-08-02 15:25:53,422 [INFO] ProjectBuilder:4505 - Time for Generating toolchain IDE Files: 1242mS.
2023-08-02 15:25:53,423 [INFO] ProjectBuilder:2867 - Time for Copy CMSIS : 1mS.
2023-08-02 15:25:53,426 [INFO] ProjectBuilder:2867 - Time for Copy CMSIS : 0mS.
